\BOOKMARK [1][-]{section.1}{\376\377\000E\000i\000n\000l\000e\000i\000t\000u\000n\000g}{}% 1
\BOOKMARK [2][-]{subsection.1.1}{\376\377\000W\000a\000s\000\040\000i\000s\000t\000\040\000Q\000l\000i\000k}{section.1}% 2
\BOOKMARK [2][-]{subsection.1.2}{\376\377\000W\000a\000s\000\040\000i\000s\000t\000\040\000P\000y\000t\000h\000o\000n}{section.1}% 3
\BOOKMARK [2][-]{subsection.1.3}{\376\377\000D\000a\000t\000e\000n\000s\000\344\000t\000z\000e}{section.1}% 4
\BOOKMARK [1][-]{section.2}{\376\377\000V\000e\000r\000g\000l\000e\000i\000c\000h\000\040\000z\000w\000i\000s\000c\000h\000e\000n\000\040\000Q\000l\000i\000k\000\040\000u\000n\000d\000\040\000P\000y\000t\000h\000o\000n}{}% 5
\BOOKMARK [2][-]{subsection.2.1}{\376\377\000E\000i\000n\000l\000e\000i\000t\000u\000n\000g\000\040\000V\000e\000r\000g\000l\000e\000i\000c\000h}{section.2}% 6
\BOOKMARK [2][-]{subsection.2.2}{\376\377\000D\000a\000t\000a\000\040\000U\000n\000d\000e\000r\000s\000t\000a\000n\000d\000i\000n\000g}{section.2}% 7
\BOOKMARK [2][-]{subsection.2.3}{\376\377\000D\000a\000t\000a\000\040\000P\000r\000e\000p\000e\000r\000a\000t\000i\000o\000n}{section.2}% 8
\BOOKMARK [2][-]{subsection.2.4}{\376\377\000M\000o\000d\000e\000l\000l\000i\000n\000g}{section.2}% 9
\BOOKMARK [2][-]{subsection.2.5}{\376\377\000S\000o\000n\000s\000t\000i\000g\000e\000s}{section.2}% 10
\BOOKMARK [1][-]{section.3}{\376\377\000S\000W\000O\000T\000\040\000A\000n\000a\000l\000y\000s\000e}{}% 11
\BOOKMARK [2][-]{subsection.3.1}{\376\377\000P\000y\000t\000h\000o\000n}{section.3}% 12
\BOOKMARK [2][-]{subsection.3.2}{\376\377\000Q\000l\000i\000k}{section.3}% 13
\BOOKMARK [3][-]{subsubsection.3.2.1}{\376\377\000D\000a\000t\000a\000\040\000S\000c\000i\000e\000n\000t\000i\000s\000t}{subsection.3.2}% 14
\BOOKMARK [3][-]{subsubsection.3.2.2}{\376\377\000B\000e\000t\000r\000i\000e\000b\000l\000i\000c\000h\000e\000r\000\040\000E\000n\000t\000s\000c\000h\000e\000i\000d\000e\000r}{subsection.3.2}% 15
\BOOKMARK [3][-]{subsubsection.3.2.3}{\376\377\000D\000a\000t\000a\000\040\000S\000c\000i\000e\000n\000t\000i\000s\000t}{subsection.3.2}% 16
\BOOKMARK [3][-]{subsubsection.3.2.4}{\376\377\000B\000e\000t\000r\000i\000e\000b\000l\000i\000c\000h\000e\000r\000\040\000E\000n\000t\000s\000c\000h\000e\000i\000d\000e\000r}{subsection.3.2}% 17
\BOOKMARK [1][-]{section.4}{\376\377\000F\000a\000z\000i\000t}{}% 18
\BOOKMARK [1][-]{section.5}{\376\377\000Q\000u\000e\000l\000l\000e\000n}{}% 19
\BOOKMARK [2][-]{subsection.5.1}{\376\377\000Q\000u\000e\000l\000l\000e\000n\000\040\000D\000a\000t\000e\000n\000s\000\344\000t\000z\000e}{section.5}% 20
\BOOKMARK [2][-]{subsection.5.2}{\376\377\000w\000e\000i\000t\000e\000r\000e\000\040\000Q\000u\000e\000l\000l\000e\000n}{section.5}% 21
